2025-05-20T15:27:38.341-03:00  INFO 53410 --- [restartedMain] c.idealizer.review_x.ReviewXApplication  : Starting ReviewXApplication using Java 21.0.5 with PID 53410 (/home/kleber/Documents/codes/review-x/target/classes started by kleber in /home/kleber/Documents/codes/review-x)
2025-05-20T15:27:38.343-03:00  INFO 53410 --- [restartedMain] c.idealizer.review_x.ReviewXApplication  : No active profile set, falling back to 1 default profile: "default"
2025-05-20T15:27:38.375-03:00  INFO 53410 --- [restartedMain] .e.DevToolsPropertyDefaultsPostProcessor : Devtools property defaults active! Set 'spring.devtools.add-properties' to 'false' to disable
2025-05-20T15:27:38.375-03:00  INFO 53410 --- [restartedMain] .e.DevToolsPropertyDefaultsPostProcessor : For additional web related logging consider setting the 'logging.level.web' property to 'DEBUG'
2025-05-20T15:27:39.030-03:00  INFO 53410 --- [restartedMain] .s.d.r.c.RepositoryConfigurationDelegate : Bootstrapping Spring Data JPA repositories in DEFAULT mode.
2025-05-20T15:27:39.077-03:00  INFO 53410 --- [restartedMain] .s.d.r.c.RepositoryConfigurationDelegate : Finished Spring Data repository scanning in 40 ms. Found 3 JPA repository interfaces.
2025-05-20T15:27:39.606-03:00  INFO 53410 --- [restartedMain] o.s.b.w.embedded.tomcat.TomcatWebServer  : Tomcat initialized with port 8080 (http)
2025-05-20T15:27:39.619-03:00  INFO 53410 --- [restartedMain] o.apache.catalina.core.StandardService   : Starting service [Tomcat]
2025-05-20T15:27:39.619-03:00  INFO 53410 --- [restartedMain] o.apache.catalina.core.StandardEngine    : Starting Servlet engine: [Apache Tomcat/10.1.34]
2025-05-20T15:27:39.653-03:00  INFO 53410 --- [restartedMain] o.a.c.c.C.[Tomcat].[localhost].[/]       : Initializing Spring embedded WebApplicationContext
2025-05-20T15:27:39.654-03:00  INFO 53410 --- [restartedMain] w.s.c.ServletWebServerApplicationContext : Root WebApplicationContext: initialization completed in 1278 ms
2025-05-20T15:27:39.725-03:00  INFO 53410 --- [restartedMain] com.zaxxer.hikari.HikariDataSource       : review-x-hikari-pool - Starting...
2025-05-20T15:27:40.402-03:00  INFO 53410 --- [restartedMain] com.zaxxer.hikari.pool.HikariPool        : review-x-hikari-pool - Added connection org.postgresql.jdbc.PgConnection@4e5993a2
2025-05-20T15:27:40.403-03:00  INFO 53410 --- [restartedMain] com.zaxxer.hikari.HikariDataSource       : review-x-hikari-pool - Start completed.
2025-05-20T15:27:40.453-03:00  INFO 53410 --- [restartedMain] o.hibernate.jpa.internal.util.LogHelper  : HHH000204: Processing PersistenceUnitInfo [name: default]
2025-05-20T15:27:40.486-03:00  INFO 53410 --- [restartedMain] org.hibernate.Version                    : HHH000412: Hibernate ORM core version 6.6.4.Final
2025-05-20T15:27:40.506-03:00  INFO 53410 --- [restartedMain] o.h.c.internal.RegionFactoryInitiator    : HHH000026: Second-level cache disabled
2025-05-20T15:27:40.655-03:00  INFO 53410 --- [restartedMain] o.s.o.j.p.SpringPersistenceUnitInfo      : No LoadTimeWeaver setup: ignoring JPA class transformer
2025-05-20T15:27:40.807-03:00  INFO 53410 --- [restartedMain] org.hibernate.orm.connections.pooling    : HHH10001005: Database info:
	Database JDBC URL [Connecting through datasource 'HikariDataSource (review-x-hikari-pool)']
	Database driver: undefined/unknown
	Database version: 15.8
	Autocommit mode: undefined/unknown
	Isolation level: undefined/unknown
	Minimum pool size: undefined/unknown
	Maximum pool size: undefined/unknown
2025-05-20T15:27:41.389-03:00  INFO 53410 --- [restartedMain] o.h.e.t.j.p.i.JtaPlatformInitiator       : HHH000489: No JTA platform available (set 'hibernate.transaction.jta.platform' to enable JTA platform integration)
2025-05-20T15:27:42.452-03:00  INFO 53410 --- [restartedMain] j.LocalContainerEntityManagerFactoryBean : Initialized JPA EntityManagerFactory for persistence unit 'default'
2025-05-20T15:27:42.588-03:00  WARN 53410 --- [restartedMain] JpaBaseConfiguration$JpaWebConfiguration : spring.jpa.open-in-view is enabled by default. Therefore, database queries may be performed during view rendering. Explicitly configure spring.jpa.open-in-view to disable this warning
2025-05-20T15:27:42.869-03:00  INFO 53410 --- [restartedMain] o.s.d.j.r.query.QueryEnhancerFactory     : Hibernate is in classpath; If applicable, HQL parser will be used.
2025-05-20T15:27:43.206-03:00  INFO 53410 --- [restartedMain] o.s.b.w.embedded.tomcat.TomcatWebServer  : Tomcat started on port 8080 (http) with context path '/'
2025-05-20T15:27:43.210-03:00  INFO 53410 --- [restartedMain] o.s.b.d.a.OptionalLiveReloadServer       : LiveReload server is running on port 35729
2025-05-20T15:27:43.351-03:00  INFO 53410 --- [restartedMain] c.idealizer.review_x.ReviewXApplication  : Started ReviewXApplication in 5.347 seconds (process running for 5.638)
2025-05-20T15:33:49.550-03:00  INFO 53410 --- [SpringApplicationShutdownHook] o.s.b.w.e.tomcat.GracefulShutdown        : Commencing graceful shutdown. Waiting for active requests to complete
2025-05-20T15:33:49.552-03:00  INFO 53410 --- [tomcat-shutdown] o.s.b.w.e.tomcat.GracefulShutdown        : Graceful shutdown complete
2025-05-20T15:33:49.554-03:00  INFO 53410 --- [SpringApplicationShutdownHook] j.LocalContainerEntityManagerFactoryBean : Closing JPA EntityManagerFactory for persistence unit 'default'
2025-05-20T15:33:49.555-03:00  INFO 53410 --- [SpringApplicationShutdownHook] com.zaxxer.hikari.HikariDataSource       : review-x-hikari-pool - Shutdown initiated...
2025-05-20T15:33:49.557-03:00  INFO 53410 --- [SpringApplicationShutdownHook] com.zaxxer.hikari.HikariDataSource       : review-x-hikari-pool - Shutdown completed.
2025-05-20T15:33:55.313-03:00  WARN 53892 --- [restartedMain] JpaBaseConfiguration$JpaWebConfiguration : spring.jpa.open-in-view is enabled by default. Therefore, database queries may be performed during view rendering. Explicitly configure spring.jpa.open-in-view to disable this warning
2025-05-20T15:36:16.575-03:00  WARN 54151 --- [restartedMain] JpaBaseConfiguration$JpaWebConfiguration : spring.jpa.open-in-view is enabled by default. Therefore, database queries may be performed during view rendering. Explicitly configure spring.jpa.open-in-view to disable this warning
2025-05-20T15:36:52.020-03:00  INFO 54151 --- [http-nio-8080-exec-1] o.s.web.servlet.DispatcherServlet        : Initializing Servlet 'dispatcherServlet'
2025-05-20T15:36:52.073-03:00  INFO 54151 --- [http-nio-8080-exec-1] o.s.web.servlet.DispatcherServlet        : Completed initialization in 52 ms
2025-05-20T15:36:52.182-03:00  WARN 54151 --- [http-nio-8080-exec-1] o.s.s.c.a.web.builders.WebSecurity       : You are asking Spring Security to ignore Deferred [Mvc [pattern='/v2/api-docs'], Ant [pattern='/v2/api-docs']]. This is not recommended -- please use permitAll via HttpSecurity#authorizeHttpRequests instead.
2025-05-20T15:36:52.183-03:00  WARN 54151 --- [http-nio-8080-exec-1] o.s.s.c.a.web.builders.WebSecurity       : You are asking Spring Security to ignore Deferred [Mvc [pattern='/v3/api-docs/**'], Ant [pattern='/v3/api-docs/**']]. This is not recommended -- please use permitAll via HttpSecurity#authorizeHttpRequests instead.
2025-05-20T15:36:52.183-03:00  WARN 54151 --- [http-nio-8080-exec-1] o.s.s.c.a.web.builders.WebSecurity       : You are asking Spring Security to ignore Deferred [Mvc [pattern='/swagger-resources/**'], Ant [pattern='/swagger-resources/**']]. This is not recommended -- please use permitAll via HttpSecurity#authorizeHttpRequests instead.
2025-05-20T15:36:52.183-03:00  WARN 54151 --- [http-nio-8080-exec-1] o.s.s.c.a.web.builders.WebSecurity       : You are asking Spring Security to ignore Deferred [Mvc [pattern='/swagger-ui/**'], Ant [pattern='/swagger-ui/**']]. This is not recommended -- please use permitAll via HttpSecurity#authorizeHttpRequests instead.
2025-05-20T15:36:52.183-03:00  WARN 54151 --- [http-nio-8080-exec-1] o.s.s.c.a.web.builders.WebSecurity       : You are asking Spring Security to ignore Deferred [Mvc [pattern='/webjars/**'], Ant [pattern='/webjars/**']]. This is not recommended -- please use permitAll via HttpSecurity#authorizeHttpRequests instead.
2025-05-20T15:36:52.261-03:00  WARN 54151 --- [http-nio-8080-exec-1] .m.m.a.ExceptionHandlerExceptionResolver : Resolved [java.lang.IllegalArgumentException: Invalid UUID string: 15]
2025-05-20T15:49:16.772-03:00  INFO 55393 --- [review-x] [restartedMain] c.idealizer.review_x.ReviewXApplication  : Starting ReviewXApplication using Java 21.0.5 with PID 55393 (/home/kleber/Documents/codes/review-x/target/classes started by kleber in /home/kleber/Documents/codes/review-x)
2025-05-20T15:49:16.774-03:00 DEBUG 55393 --- [review-x] [restartedMain] c.idealizer.review_x.ReviewXApplication  : Running with Spring Boot v3.4.1, Spring v6.2.1
2025-05-20T15:49:16.776-03:00  INFO 55393 --- [review-x] [restartedMain] c.idealizer.review_x.ReviewXApplication  : No active profile set, falling back to 1 default profile: "default"
2025-05-20T15:49:20.956-03:00  WARN 55393 --- [review-x] [restartedMain] JpaBaseConfiguration$JpaWebConfiguration : spring.jpa.open-in-view is enabled by default. Therefore, database queries may be performed during view rendering. Explicitly configure spring.jpa.open-in-view to disable this warning
2025-05-20T15:49:21.762-03:00  INFO 55393 --- [review-x] [restartedMain] c.idealizer.review_x.ReviewXApplication  : Started ReviewXApplication in 5.363 seconds (process running for 5.655)
2025-05-20T15:51:06.462-03:00  INFO 55625 --- [review-x] [restartedMain] c.idealizer.review_x.ReviewXApplication  : Starting ReviewXApplication using Java 21.0.5 with PID 55625 (/home/kleber/Documents/codes/review-x/target/classes started by kleber in /home/kleber/Documents/codes/review-x)
2025-05-20T15:51:06.463-03:00 DEBUG 55625 --- [review-x] [restartedMain] c.idealizer.review_x.ReviewXApplication  : Running with Spring Boot v3.4.1, Spring v6.2.1
2025-05-20T15:51:06.464-03:00  INFO 55625 --- [review-x] [restartedMain] c.idealizer.review_x.ReviewXApplication  : No active profile set, falling back to 1 default profile: "default"
2025-05-20T15:51:10.525-03:00  WARN 55625 --- [review-x] [restartedMain] JpaBaseConfiguration$JpaWebConfiguration : spring.jpa.open-in-view is enabled by default. Therefore, database queries may be performed during view rendering. Explicitly configure spring.jpa.open-in-view to disable this warning
2025-05-20T15:51:11.280-03:00  INFO 55625 --- [review-x] [restartedMain] c.idealizer.review_x.ReviewXApplication  : Started ReviewXApplication in 5.163 seconds (process running for 5.437)
2025-05-20T15:52:38.729-03:00  INFO 56887 --- [review-x] [restartedMain] c.idealizer.review_x.ReviewXApplication  : Starting ReviewXApplication using Java 21.0.5 with PID 56887 (/home/kleber/Documents/codes/review-x/target/classes started by kleber in /home/kleber/Documents/codes/review-x)
2025-05-20T15:52:38.731-03:00 DEBUG 56887 --- [review-x] [restartedMain] c.idealizer.review_x.ReviewXApplication  : Running with Spring Boot v3.4.1, Spring v6.2.1
2025-05-20T15:52:38.732-03:00  INFO 56887 --- [review-x] [restartedMain] c.idealizer.review_x.ReviewXApplication  : No active profile set, falling back to 1 default profile: "default"
2025-05-20T15:52:42.926-03:00  WARN 56887 --- [review-x] [restartedMain] JpaBaseConfiguration$JpaWebConfiguration : spring.jpa.open-in-view is enabled by default. Therefore, database queries may be performed during view rendering. Explicitly configure spring.jpa.open-in-view to disable this warning
2025-05-20T15:52:43.800-03:00  INFO 56887 --- [review-x] [restartedMain] c.idealizer.review_x.ReviewXApplication  : Started ReviewXApplication in 5.44 seconds (process running for 5.761)
2025-05-20T15:55:33.514-03:00  INFO 57470 --- [review-x] [restartedMain] c.idealizer.review_x.ReviewXApplication  : Starting ReviewXApplication using Java 21.0.5 with PID 57470 (/home/kleber/Documents/codes/review-x/target/classes started by kleber in /home/kleber/Documents/codes/review-x)
2025-05-20T15:55:33.515-03:00 DEBUG 57470 --- [review-x] [restartedMain] c.idealizer.review_x.ReviewXApplication  : Running with Spring Boot v3.4.1, Spring v6.2.1
2025-05-20T15:55:33.516-03:00  INFO 57470 --- [review-x] [restartedMain] c.idealizer.review_x.ReviewXApplication  : No active profile set, falling back to 1 default profile: "default"
2025-05-20T15:55:38.970-03:00  WARN 57470 --- [review-x] [restartedMain] JpaBaseConfiguration$JpaWebConfiguration : spring.jpa.open-in-view is enabled by default. Therefore, database queries may be performed during view rendering. Explicitly configure spring.jpa.open-in-view to disable this warning
2025-05-20T15:55:40.278-03:00  INFO 57470 --- [review-x] [restartedMain] c.idealizer.review_x.ReviewXApplication  : Started ReviewXApplication in 7.243 seconds (process running for 7.583)
2025-05-20T15:56:00.421-03:00  INFO 57657 --- [review-x] [restartedMain] c.idealizer.review_x.ReviewXApplication  : Starting ReviewXApplication using Java 21.0.5 with PID 57657 (/home/kleber/Documents/codes/review-x/target/classes started by kleber in /home/kleber/Documents/codes/review-x)
2025-05-20T15:56:00.422-03:00 DEBUG 57657 --- [review-x] [restartedMain] c.idealizer.review_x.ReviewXApplication  : Running with Spring Boot v3.4.1, Spring v6.2.1
2025-05-20T15:56:00.423-03:00  INFO 57657 --- [review-x] [restartedMain] c.idealizer.review_x.ReviewXApplication  : No active profile set, falling back to 1 default profile: "default"
2025-05-20T15:56:05.706-03:00  WARN 57657 --- [review-x] [restartedMain] JpaBaseConfiguration$JpaWebConfiguration : spring.jpa.open-in-view is enabled by default. Therefore, database queries may be performed during view rendering. Explicitly configure spring.jpa.open-in-view to disable this warning
2025-05-20T15:56:07.170-03:00  INFO 57657 --- [review-x] [restartedMain] c.idealizer.review_x.ReviewXApplication  : Started ReviewXApplication in 7.169 seconds (process running for 7.485)
2025-05-20T15:56:17.021-03:00  INFO 57657 --- [review-x] [http-nio-8080-exec-1] o.s.web.servlet.DispatcherServlet        : Initializing Servlet 'dispatcherServlet'
2025-05-20T15:56:17.103-03:00  INFO 57657 --- [review-x] [http-nio-8080-exec-1] o.s.web.servlet.DispatcherServlet        : Completed initialization in 82 ms
2025-05-20T15:56:17.291-03:00  WARN 57657 --- [review-x] [http-nio-8080-exec-1] o.s.s.c.a.web.builders.WebSecurity       : You are asking Spring Security to ignore Deferred [Mvc [pattern='/v2/api-docs'], Ant [pattern='/v2/api-docs']]. This is not recommended -- please use permitAll via HttpSecurity#authorizeHttpRequests instead.
2025-05-20T15:56:17.291-03:00  WARN 57657 --- [review-x] [http-nio-8080-exec-1] o.s.s.c.a.web.builders.WebSecurity       : You are asking Spring Security to ignore Deferred [Mvc [pattern='/v3/api-docs/**'], Ant [pattern='/v3/api-docs/**']]. This is not recommended -- please use permitAll via HttpSecurity#authorizeHttpRequests instead.
2025-05-20T15:56:17.291-03:00  WARN 57657 --- [review-x] [http-nio-8080-exec-1] o.s.s.c.a.web.builders.WebSecurity       : You are asking Spring Security to ignore Deferred [Mvc [pattern='/swagger-resources/**'], Ant [pattern='/swagger-resources/**']]. This is not recommended -- please use permitAll via HttpSecurity#authorizeHttpRequests instead.
2025-05-20T15:56:17.292-03:00  WARN 57657 --- [review-x] [http-nio-8080-exec-1] o.s.s.c.a.web.builders.WebSecurity       : You are asking Spring Security to ignore Deferred [Mvc [pattern='/swagger-ui/**'], Ant [pattern='/swagger-ui/**']]. This is not recommended -- please use permitAll via HttpSecurity#authorizeHttpRequests instead.
2025-05-20T15:56:17.292-03:00  WARN 57657 --- [review-x] [http-nio-8080-exec-1] o.s.s.c.a.web.builders.WebSecurity       : You are asking Spring Security to ignore Deferred [Mvc [pattern='/webjars/**'], Ant [pattern='/webjars/**']]. This is not recommended -- please use permitAll via HttpSecurity#authorizeHttpRequests instead.
2025-05-20T15:56:17.292-03:00  WARN 57657 --- [review-x] [http-nio-8080-exec-1] o.s.s.c.a.web.builders.WebSecurity       : You are asking Spring Security to ignore Deferred [Mvc [pattern='/actuator/**'], Ant [pattern='/actuator/**']]. This is not recommended -- please use permitAll via HttpSecurity#authorizeHttpRequests instead.
2025-05-20T15:58:00.276-03:00  INFO 57909 --- [review-x] [restartedMain] c.idealizer.review_x.ReviewXApplication  : Starting ReviewXApplication using Java 21.0.5 with PID 57909 (/home/kleber/Documents/codes/review-x/target/classes started by kleber in /home/kleber/Documents/codes/review-x)
2025-05-20T15:58:00.277-03:00 DEBUG 57909 --- [review-x] [restartedMain] c.idealizer.review_x.ReviewXApplication  : Running with Spring Boot v3.4.1, Spring v6.2.1
2025-05-20T15:58:00.279-03:00  INFO 57909 --- [review-x] [restartedMain] c.idealizer.review_x.ReviewXApplication  : No active profile set, falling back to 1 default profile: "default"
2025-05-20T15:58:05.963-03:00  WARN 57909 --- [review-x] [restartedMain] JpaBaseConfiguration$JpaWebConfiguration : spring.jpa.open-in-view is enabled by default. Therefore, database queries may be performed during view rendering. Explicitly configure spring.jpa.open-in-view to disable this warning
2025-05-20T15:58:07.758-03:00  INFO 57909 --- [review-x] [http-nio-9090-exec-1] o.s.web.servlet.DispatcherServlet        : Initializing Servlet 'dispatcherServletRegistration'
2025-05-20T15:58:07.819-03:00  INFO 57909 --- [review-x] [restartedMain] c.idealizer.review_x.ReviewXApplication  : Started ReviewXApplication in 7.938 seconds (process running for 8.258)
2025-05-20T15:58:07.840-03:00  INFO 57909 --- [review-x] [http-nio-9090-exec-1] o.s.web.servlet.DispatcherServlet        : Completed initialization in 81 ms
2025-05-20T15:58:08.092-03:00  WARN 57909 --- [review-x] [http-nio-9090-exec-1] o.s.s.c.a.web.builders.WebSecurity       : You are asking Spring Security to ignore Deferred [Mvc [pattern='/v2/api-docs'], Ant [pattern='/v2/api-docs']]. This is not recommended -- please use permitAll via HttpSecurity#authorizeHttpRequests instead.
2025-05-20T15:58:08.093-03:00  WARN 57909 --- [review-x] [http-nio-9090-exec-1] o.s.s.c.a.web.builders.WebSecurity       : You are asking Spring Security to ignore Deferred [Mvc [pattern='/v3/api-docs/**'], Ant [pattern='/v3/api-docs/**']]. This is not recommended -- please use permitAll via HttpSecurity#authorizeHttpRequests instead.
2025-05-20T15:58:08.094-03:00  WARN 57909 --- [review-x] [http-nio-9090-exec-1] o.s.s.c.a.web.builders.WebSecurity       : You are asking Spring Security to ignore Deferred [Mvc [pattern='/swagger-resources/**'], Ant [pattern='/swagger-resources/**']]. This is not recommended -- please use permitAll via HttpSecurity#authorizeHttpRequests instead.
2025-05-20T15:58:08.094-03:00  WARN 57909 --- [review-x] [http-nio-9090-exec-1] o.s.s.c.a.web.builders.WebSecurity       : You are asking Spring Security to ignore Deferred [Mvc [pattern='/swagger-ui/**'], Ant [pattern='/swagger-ui/**']]. This is not recommended -- please use permitAll via HttpSecurity#authorizeHttpRequests instead.
2025-05-20T15:58:08.094-03:00  WARN 57909 --- [review-x] [http-nio-9090-exec-1] o.s.s.c.a.web.builders.WebSecurity       : You are asking Spring Security to ignore Deferred [Mvc [pattern='/webjars/**'], Ant [pattern='/webjars/**']]. This is not recommended -- please use permitAll via HttpSecurity#authorizeHttpRequests instead.
2025-05-20T15:58:08.094-03:00  WARN 57909 --- [review-x] [http-nio-9090-exec-1] o.s.s.c.a.web.builders.WebSecurity       : You are asking Spring Security to ignore Deferred [Mvc [pattern='/actuator/**'], Ant [pattern='/actuator/**']]. This is not recommended -- please use permitAll via HttpSecurity#authorizeHttpRequests instead.
